[ 2018-08-26T00:14:35+08:00 ] 127.0.0.1 /home/System/systemParameter
INFO: [ app_init ] --START--
INFO: Run Behavior\BuildLiteBehavior [ RunTime:0.000000s ]
INFO: [ app_init ] --END-- [ RunTime:0.001000s ]
INFO: [ app_begin ] --START--
INFO: Run Behavior\ReadHtmlCacheBehavior [ RunTime:0.002000s ]
INFO: [ app_begin ] --END-- [ RunTime:0.004001s ]
SQL: SHOW COLUMNS FROM `tab_sys_paramssystem` [ RunTime:0.0410s ]
SQL: SELECT * FROM `tab_sys_paramssystem` WHERE ( V_ParamsName = 'Sys_Version' ) LIMIT 1   [ RunTime:0.0020s ]
SQL: SELECT * FROM `tab_sys_paramssystem` WHERE ( N_ModifyLevel< 2 ) ORDER BY V_ParamsNameCh  [ RunTime:0.0010s ]
INFO: [ view_parse ] --START--
INFO: [ template_filter ] --START--
INFO: Run Behavior\ContentReplaceBehavior [ RunTime:0.002000s ]
INFO: [ template_filter ] --END-- [ RunTime:0.002000s ]
NOTIC: [8] Undefined variable: AccountSub H:\www\luyinxitong_gh\Application\Runtime\Cache\Home\61540ef09f31b1ed50902477c79a51de.php 第 142 行.
NOTIC: [8] Undefined variable: showFile H:\www\luyinxitong_gh\Application\Runtime\Cache\Home\61540ef09f31b1ed50902477c79a51de.php 第 435 行.
INFO: Run Behavior\ParseTemplateBehavior [ RunTime:0.062004s ]
INFO: [ view_parse ] --END-- [ RunTime:0.063004s ]
INFO: [ view_filter ] --START--
INFO: Run Behavior\WriteHtmlCacheBehavior [ RunTime:0.001000s ]
INFO: [ view_filter ] --END-- [ RunTime:0.001000s ]
INFO: [ app_end ] --START--
INFO: Run Behavior\ShowPageTraceBehavior [ RunTime:0.002000s ]
INFO: [ app_end ] --END-- [ RunTime:0.002000s ]

