[ 2018-08-29T01:01:11+08:00 ] 127.0.0.1 /Public/assets/bootstrap/images/sort_desc.png
INFO: [ app_init ] --START--
INFO: Run Behavior\BuildLiteBehavior [ RunTime:0.000000s ]
INFO: [ app_init ] --END-- [ RunTime:0.002000s ]
ERR: 无法加载模块:Public

[ 2018-08-29T22:35:57+08:00 ] 127.0.0.1 /favicon.ico
INFO: [ app_init ] --START--
INFO: Run Behavior\BuildLiteBehavior [ RunTime:0.000000s ]
INFO: [ app_init ] --END-- [ RunTime:0.003000s ]
ERR: 无法加载模块:Favicon

[ 2018-08-29T22:35:57+08:00 ] 127.0.0.1 /favicon.ico
INFO: [ app_init ] --START--
INFO: Run Behavior\BuildLiteBehavior [ RunTime:0.000000s ]
INFO: [ app_init ] --END-- [ RunTime:0.002000s ]
ERR: 无法加载模块:Favicon

[ 2018-08-29T22:35:58+08:00 ] 127.0.0.1 /favicon.ico
INFO: [ app_init ] --START--
INFO: Run Behavior\BuildLiteBehavior [ RunTime:0.000000s ]
INFO: [ app_init ] --END-- [ RunTime:0.003000s ]
ERR: 无法加载模块:Favicon

[ 2018-08-29T22:37:32+08:00 ] 127.0.0.1 /Public/assets/bootstrap/css/jquery.audioplayer.css
INFO: [ app_init ] --START--
INFO: Run Behavior\BuildLiteBehavior [ RunTime:0.000000s ]
INFO: [ app_init ] --END-- [ RunTime:0.001000s ]
ERR: 无法加载模块:Public

[ 2018-08-29T22:37:33+08:00 ] 127.0.0.1 /Public/assets/bootstrap/fonts/fontawesome-webfont.woff2?v=4.7.0
INFO: [ app_init ] --START--
INFO: Run Behavior\BuildLiteBehavior [ RunTime:0.000000s ]
INFO: [ app_init ] --END-- [ RunTime:0.002000s ]
ERR: 无法加载模块:Public

[ 2018-08-29T22:37:33+08:00 ] 127.0.0.1 /Public/assets/bootstrap/images/sort_both.png
INFO: [ app_init ] --START--
INFO: Run Behavior\BuildLiteBehavior [ RunTime:0.000000s ]
INFO: [ app_init ] --END-- [ RunTime:0.002001s ]
ERR: 无法加载模块:Public

[ 2018-08-29T22:37:34+08:00 ] 127.0.0.1 /Public/assets/bootstrap/images/sort_desc.png
INFO: [ app_init ] --START--
INFO: Run Behavior\BuildLiteBehavior [ RunTime:0.000000s ]
INFO: [ app_init ] --END-- [ RunTime:0.003000s ]
ERR: 无法加载模块:Public

[ 2018-08-29T22:37:51+08:00 ] 127.0.0.1 /Public/assets/bootstrap/fonts/fontawesome-webfont.woff2?v=4.7.0
INFO: [ app_init ] --START--
INFO: Run Behavior\BuildLiteBehavior [ RunTime:0.000000s ]
INFO: [ app_init ] --END-- [ RunTime:0.001000s ]
ERR: 无法加载模块:Public

[ 2018-08-29T22:37:51+08:00 ] 127.0.0.1 /Public/assets/bootstrap/images/sort_both.png
INFO: [ app_init ] --START--
INFO: Run Behavior\BuildLiteBehavior [ RunTime:0.000000s ]
INFO: [ app_init ] --END-- [ RunTime:0.001000s ]
ERR: 无法加载模块:Public

[ 2018-08-29T22:37:52+08:00 ] 127.0.0.1 /Public/assets/bootstrap/images/sort_desc.png
INFO: [ app_init ] --START--
INFO: Run Behavior\BuildLiteBehavior [ RunTime:0.000000s ]
INFO: [ app_init ] --END-- [ RunTime:0.001000s ]
ERR: 无法加载模块:Public

[ 2018-08-29T22:38:02+08:00 ] 127.0.0.1 /Public/assets/bootstrap/fonts/fontawesome-webfont.woff2?v=4.7.0
INFO: [ app_init ] --START--
INFO: Run Behavior\BuildLiteBehavior [ RunTime:0.000000s ]
INFO: [ app_init ] --END-- [ RunTime:0.001001s ]
ERR: 无法加载模块:Public

[ 2018-08-29T22:38:08+08:00 ] 127.0.0.1 /Public/assets/bootstrap/images/sort_desc.png
INFO: [ app_init ] --START--
INFO: Run Behavior\BuildLiteBehavior [ RunTime:0.000000s ]
INFO: [ app_init ] --END-- [ RunTime:0.001000s ]
ERR: 无法加载模块:Public

[ 2018-08-29T22:38:18+08:00 ] 127.0.0.1 /Public/assets/bootstrap/fonts/fontawesome-webfont.woff2?v=4.7.0
INFO: [ app_init ] --START--
INFO: Run Behavior\BuildLiteBehavior [ RunTime:0.000000s ]
INFO: [ app_init ] --END-- [ RunTime:0.001000s ]
ERR: 无法加载模块:Public

[ 2018-08-29T22:38:18+08:00 ] 127.0.0.1 /Public/assets/bootstrap/images/sort_both.png
INFO: [ app_init ] --START--
INFO: Run Behavior\BuildLiteBehavior [ RunTime:0.000000s ]
INFO: [ app_init ] --END-- [ RunTime:0.001000s ]
ERR: 无法加载模块:Public

[ 2018-08-29T22:38:19+08:00 ] 127.0.0.1 /Public/assets/bootstrap/images/sort_desc.png
INFO: [ app_init ] --START--
INFO: Run Behavior\BuildLiteBehavior [ RunTime:0.000000s ]
INFO: [ app_init ] --END-- [ RunTime:0.001000s ]
ERR: 无法加载模块:Public

[ 2018-08-29T22:38:25+08:00 ] 127.0.0.1 /Public/assets/bootstrap/fonts/fontawesome-webfont.woff2?v=4.7.0
INFO: [ app_init ] --START--
INFO: Run Behavior\BuildLiteBehavior [ RunTime:0.000000s ]
INFO: [ app_init ] --END-- [ RunTime:0.002000s ]
ERR: 无法加载模块:Public

[ 2018-08-29T22:38:53+08:00 ] 127.0.0.1 /Public/assets/bootstrap/fonts/fontawesome-webfont.woff2?v=4.7.0
INFO: [ app_init ] --START--
INFO: Run Behavior\BuildLiteBehavior [ RunTime:0.000000s ]
INFO: [ app_init ] --END-- [ RunTime:0.008001s ]
ERR: 无法加载模块:Public

[ 2018-08-29T22:38:53+08:00 ] 127.0.0.1 /Public/assets/bootstrap/images/sort_both.png
INFO: [ app_init ] --START--
INFO: Run Behavior\BuildLiteBehavior [ RunTime:0.000000s ]
INFO: [ app_init ] --END-- [ RunTime:0.003001s ]
ERR: 无法加载模块:Public

[ 2018-08-29T22:38:54+08:00 ] 127.0.0.1 /Public/assets/bootstrap/images/sort_desc.png
INFO: [ app_init ] --START--
INFO: Run Behavior\BuildLiteBehavior [ RunTime:0.000000s ]
INFO: [ app_init ] --END-- [ RunTime:0.005001s ]
ERR: 无法加载模块:Public

[ 2018-08-29T22:39:00+08:00 ] 127.0.0.1 /Public/assets/bootstrap/fonts/fontawesome-webfont.woff2?v=4.7.0
INFO: [ app_init ] --START--
INFO: Run Behavior\BuildLiteBehavior [ RunTime:0.000000s ]
INFO: [ app_init ] --END-- [ RunTime:0.002000s ]
ERR: 无法加载模块:Public

[ 2018-08-29T22:39:00+08:00 ] 127.0.0.1 /Public/assets/bootstrap/images/sort_both.png
INFO: [ app_init ] --START--
INFO: Run Behavior\BuildLiteBehavior [ RunTime:0.000000s ]
INFO: [ app_init ] --END-- [ RunTime:0.002000s ]
ERR: 无法加载模块:Public

[ 2018-08-29T22:39:01+08:00 ] 127.0.0.1 /Public/assets/bootstrap/images/sort_desc.png
INFO: [ app_init ] --START--
INFO: Run Behavior\BuildLiteBehavior [ RunTime:0.000000s ]
INFO: [ app_init ] --END-- [ RunTime:0.001000s ]
ERR: 无法加载模块:Public

[ 2018-08-29T22:39:06+08:00 ] 127.0.0.1 /Public/assets/bootstrap/fonts/fontawesome-webfont.woff2?v=4.7.0
INFO: [ app_init ] --START--
INFO: Run Behavior\BuildLiteBehavior [ RunTime:0.000000s ]
INFO: [ app_init ] --END-- [ RunTime:0.001000s ]
ERR: 无法加载模块:Public

[ 2018-08-29T22:39:07+08:00 ] 127.0.0.1 /Public/assets/bootstrap/images/sort_both.png
INFO: [ app_init ] --START--
INFO: Run Behavior\BuildLiteBehavior [ RunTime:0.000000s ]
INFO: [ app_init ] --END-- [ RunTime:0.002001s ]
ERR: 无法加载模块:Public

[ 2018-08-29T22:39:08+08:00 ] 127.0.0.1 /Public/assets/bootstrap/images/sort_desc.png
INFO: [ app_init ] --START--
INFO: Run Behavior\BuildLiteBehavior [ RunTime:0.000000s ]
INFO: [ app_init ] --END-- [ RunTime:0.002000s ]
ERR: 无法加载模块:Public

[ 2018-08-29T22:39:11+08:00 ] 127.0.0.1 /Public/assets/bootstrap/fonts/fontawesome-webfont.woff2?v=4.7.0
INFO: [ app_init ] --START--
INFO: Run Behavior\BuildLiteBehavior [ RunTime:0.000000s ]
INFO: [ app_init ] --END-- [ RunTime:0.002000s ]
ERR: 无法加载模块:Public

[ 2018-08-29T22:39:11+08:00 ] 127.0.0.1 /Public/assets/bootstrap/images/droparrows.png
INFO: [ app_init ] --START--
INFO: Run Behavior\BuildLiteBehavior [ RunTime:0.000000s ]
INFO: [ app_init ] --END-- [ RunTime:0.001000s ]
ERR: 无法加载模块:Public

[ 2018-08-29T22:39:11+08:00 ] 127.0.0.1 /Public/assets/bootstrap/images/select2.png
INFO: [ app_init ] --START--
INFO: Run Behavior\BuildLiteBehavior [ RunTime:0.000000s ]
INFO: [ app_init ] --END-- [ RunTime:0.002000s ]
ERR: 无法加载模块:Public

[ 2018-08-29T22:40:51+08:00 ] 127.0.0.1 /Public/assets/bootstrap/images/select2.png
INFO: [ app_init ] --START--
INFO: Run Behavior\BuildLiteBehavior [ RunTime:0.000000s ]
INFO: [ app_init ] --END-- [ RunTime:0.001000s ]
ERR: 无法加载模块:Public

[ 2018-08-29T22:40:51+08:00 ] 127.0.0.1 /Public/assets/bootstrap/images/select2-spinner.gif
INFO: [ app_init ] --START--
INFO: Run Behavior\BuildLiteBehavior [ RunTime:0.000000s ]
INFO: [ app_init ] --END-- [ RunTime:0.001000s ]
ERR: 无法加载模块:Public

[ 2018-08-29T22:41:55+08:00 ] 127.0.0.1 /Public/assets/bootstrap/fonts/fontawesome-webfont.woff2?v=4.7.0
INFO: [ app_init ] --START--
INFO: Run Behavior\BuildLiteBehavior [ RunTime:0.000000s ]
INFO: [ app_init ] --END-- [ RunTime:0.001000s ]
ERR: 无法加载模块:Public

[ 2018-08-29T22:41:55+08:00 ] 127.0.0.1 /Public/assets/bootstrap/images/select2.png
INFO: [ app_init ] --START--
INFO: Run Behavior\BuildLiteBehavior [ RunTime:0.000000s ]
INFO: [ app_init ] --END-- [ RunTime:0.001000s ]
ERR: 无法加载模块:Public

[ 2018-08-29T22:41:55+08:00 ] 127.0.0.1 /Public/assets/bootstrap/images/droparrows.png
INFO: [ app_init ] --START--
INFO: Run Behavior\BuildLiteBehavior [ RunTime:0.000000s ]
INFO: [ app_init ] --END-- [ RunTime:0.001000s ]
ERR: 无法加载模块:Public

[ 2018-08-29T22:42:03+08:00 ] 127.0.0.1 /Public/assets/bootstrap/images/select2.png
INFO: [ app_init ] --START--
INFO: Run Behavior\BuildLiteBehavior [ RunTime:0.000000s ]
INFO: [ app_init ] --END-- [ RunTime:0.001000s ]
ERR: 无法加载模块:Public

[ 2018-08-29T22:42:03+08:00 ] 127.0.0.1 /Public/assets/bootstrap/images/select2-spinner.gif
INFO: [ app_init ] --START--
INFO: Run Behavior\BuildLiteBehavior [ RunTime:0.000000s ]
INFO: [ app_init ] --END-- [ RunTime:0.004000s ]
ERR: 无法加载模块:Public

[ 2018-08-29T22:42:34+08:00 ] 127.0.0.1 /Public/assets/bootstrap/fonts/fontawesome-webfont.woff2?v=4.7.0
INFO: [ app_init ] --START--
INFO: Run Behavior\BuildLiteBehavior [ RunTime:0.000000s ]
INFO: [ app_init ] --END-- [ RunTime:0.001000s ]
ERR: 无法加载模块:Public

[ 2018-08-29T22:42:34+08:00 ] 127.0.0.1 /Public/assets/bootstrap/images/select2.png
INFO: [ app_init ] --START--
INFO: Run Behavior\BuildLiteBehavior [ RunTime:0.000000s ]
INFO: [ app_init ] --END-- [ RunTime:0.001000s ]
ERR: 无法加载模块:Public

[ 2018-08-29T22:42:34+08:00 ] 127.0.0.1 /Public/assets/bootstrap/images/droparrows.png
INFO: [ app_init ] --START--
INFO: Run Behavior\BuildLiteBehavior [ RunTime:0.000000s ]
INFO: [ app_init ] --END-- [ RunTime:0.001000s ]
ERR: 无法加载模块:Public

[ 2018-08-29T22:42:50+08:00 ] 127.0.0.1 /Public/assets/bootstrap/images/select2.png
INFO: [ app_init ] --START--
INFO: Run Behavior\BuildLiteBehavior [ RunTime:0.000000s ]
INFO: [ app_init ] --END-- [ RunTime:0.002000s ]
ERR: 无法加载模块:Public

[ 2018-08-29T22:42:50+08:00 ] 127.0.0.1 /Public/assets/bootstrap/images/select2-spinner.gif
INFO: [ app_init ] --START--
INFO: Run Behavior\BuildLiteBehavior [ RunTime:0.000000s ]
INFO: [ app_init ] --END-- [ RunTime:0.001000s ]
ERR: 无法加载模块:Public

[ 2018-08-29T22:42:59+08:00 ] 127.0.0.1 /Public/assets/bootstrap/fonts/fontawesome-webfont.woff2?v=4.7.0
INFO: [ app_init ] --START--
INFO: Run Behavior\BuildLiteBehavior [ RunTime:0.000000s ]
INFO: [ app_init ] --END-- [ RunTime:0.003000s ]
ERR: 无法加载模块:Public

[ 2018-08-29T22:42:59+08:00 ] 127.0.0.1 /Public/assets/bootstrap/images/sort_both.png
INFO: [ app_init ] --START--
INFO: Run Behavior\BuildLiteBehavior [ RunTime:0.000000s ]
INFO: [ app_init ] --END-- [ RunTime:0.001000s ]
ERR: 无法加载模块:Public

[ 2018-08-29T22:43:00+08:00 ] 127.0.0.1 /Public/assets/bootstrap/images/sort_desc.png
INFO: [ app_init ] --START--
INFO: Run Behavior\BuildLiteBehavior [ RunTime:0.000000s ]
INFO: [ app_init ] --END-- [ RunTime:0.002001s ]
ERR: 无法加载模块:Public

[ 2018-08-29T22:43:50+08:00 ] 127.0.0.1 /Public/assets/bootstrap/fonts/fontawesome-webfont.woff2?v=4.7.0
INFO: [ app_init ] --START--
INFO: Run Behavior\BuildLiteBehavior [ RunTime:0.000000s ]
INFO: [ app_init ] --END-- [ RunTime:0.001000s ]
ERR: 无法加载模块:Public

[ 2018-08-29T22:43:50+08:00 ] 127.0.0.1 /Public/assets/bootstrap/images/select2.png
INFO: [ app_init ] --START--
INFO: Run Behavior\BuildLiteBehavior [ RunTime:0.000000s ]
INFO: [ app_init ] --END-- [ RunTime:0.002000s ]
ERR: 无法加载模块:Public

[ 2018-08-29T22:43:51+08:00 ] 127.0.0.1 /Public/assets/bootstrap/images/droparrows.png
INFO: [ app_init ] --START--
INFO: Run Behavior\BuildLiteBehavior [ RunTime:0.000000s ]
INFO: [ app_init ] --END-- [ RunTime:0.001000s ]
ERR: 无法加载模块:Public

[ 2018-08-29T22:43:56+08:00 ] 127.0.0.1 /Public/assets/bootstrap/fonts/fontawesome-webfont.woff2?v=4.7.0
INFO: [ app_init ] --START--
INFO: Run Behavior\BuildLiteBehavior [ RunTime:0.000000s ]
INFO: [ app_init ] --END-- [ RunTime:0.004000s ]
ERR: 无法加载模块:Public

[ 2018-08-29T22:43:57+08:00 ] 127.0.0.1 /Public/assets/bootstrap/images/sort_both.png
INFO: [ app_init ] --START--
INFO: Run Behavior\BuildLiteBehavior [ RunTime:0.000000s ]
INFO: [ app_init ] --END-- [ RunTime:0.001000s ]
ERR: 无法加载模块:Public

[ 2018-08-29T22:43:57+08:00 ] 127.0.0.1 /Public/assets/bootstrap/images/sort_desc.png
INFO: [ app_init ] --START--
INFO: Run Behavior\BuildLiteBehavior [ RunTime:0.000000s ]
INFO: [ app_init ] --END-- [ RunTime:0.001000s ]
ERR: 无法加载模块:Public

[ 2018-08-29T22:44:42+08:00 ] 127.0.0.1 /Public/assets/bootstrap/fonts/fontawesome-webfont.woff2?v=4.7.0
INFO: [ app_init ] --START--
INFO: Run Behavior\BuildLiteBehavior [ RunTime:0.000000s ]
INFO: [ app_init ] --END-- [ RunTime:0.001000s ]
ERR: 无法加载模块:Public

[ 2018-08-29T22:44:42+08:00 ] 127.0.0.1 /Public/assets/bootstrap/images/select2.png
INFO: [ app_init ] --START--
INFO: Run Behavior\BuildLiteBehavior [ RunTime:0.000000s ]
INFO: [ app_init ] --END-- [ RunTime:0.018001s ]
ERR: 无法加载模块:Public

[ 2018-08-29T22:44:43+08:00 ] 127.0.0.1 /Public/assets/bootstrap/images/droparrows.png
INFO: [ app_init ] --START--
INFO: Run Behavior\BuildLiteBehavior [ RunTime:0.000000s ]
INFO: [ app_init ] --END-- [ RunTime:0.001000s ]
ERR: 无法加载模块:Public

[ 2018-08-29T22:44:51+08:00 ] 127.0.0.1 /Public/assets/bootstrap/fonts/fontawesome-webfont.woff2?v=4.7.0
INFO: [ app_init ] --START--
INFO: Run Behavior\BuildLiteBehavior [ RunTime:0.000000s ]
INFO: [ app_init ] --END-- [ RunTime:0.002000s ]
ERR: 无法加载模块:Public

[ 2018-08-29T22:44:52+08:00 ] 127.0.0.1 /Public/assets/bootstrap/images/sort_both.png
INFO: [ app_init ] --START--
INFO: Run Behavior\BuildLiteBehavior [ RunTime:0.000000s ]
INFO: [ app_init ] --END-- [ RunTime:0.002000s ]
ERR: 无法加载模块:Public

[ 2018-08-29T22:44:52+08:00 ] 127.0.0.1 /Public/assets/bootstrap/images/sort_desc.png
INFO: [ app_init ] --START--
INFO: Run Behavior\BuildLiteBehavior [ RunTime:0.000000s ]
INFO: [ app_init ] --END-- [ RunTime:0.002000s ]
ERR: 无法加载模块:Public

[ 2018-08-29T22:46:32+08:00 ] 127.0.0.1 /Public/assets/bootstrap/fonts/fontawesome-webfont.woff2?v=4.7.0
INFO: [ app_init ] --START--
INFO: Run Behavior\BuildLiteBehavior [ RunTime:0.000000s ]
INFO: [ app_init ] --END-- [ RunTime:0.002000s ]
ERR: 无法加载模块:Public

[ 2018-08-29T22:46:33+08:00 ] 127.0.0.1 /Public/assets/bootstrap/images/droparrows.png
INFO: [ app_init ] --START--
INFO: Run Behavior\BuildLiteBehavior [ RunTime:0.000000s ]
INFO: [ app_init ] --END-- [ RunTime:0.001000s ]
ERR: 无法加载模块:Public

[ 2018-08-29T22:46:34+08:00 ] 127.0.0.1 /Public/assets/bootstrap/images/select2.png
INFO: [ app_init ] --START--
INFO: Run Behavior\BuildLiteBehavior [ RunTime:0.000000s ]
INFO: [ app_init ] --END-- [ RunTime:0.002000s ]
ERR: 无法加载模块:Public

[ 2018-08-29T22:46:38+08:00 ] 127.0.0.1 /Public/assets/bootstrap/fonts/fontawesome-webfont.woff2?v=4.7.0
INFO: [ app_init ] --START--
INFO: Run Behavior\BuildLiteBehavior [ RunTime:0.000000s ]
INFO: [ app_init ] --END-- [ RunTime:0.001000s ]
ERR: 无法加载模块:Public

[ 2018-08-29T22:46:39+08:00 ] 127.0.0.1 /Public/assets/bootstrap/images/sort_both.png
INFO: [ app_init ] --START--
INFO: Run Behavior\BuildLiteBehavior [ RunTime:0.000000s ]
INFO: [ app_init ] --END-- [ RunTime:0.002000s ]
ERR: 无法加载模块:Public

[ 2018-08-29T22:46:39+08:00 ] 127.0.0.1 /Public/assets/bootstrap/images/sort_desc.png
INFO: [ app_init ] --START--
INFO: Run Behavior\BuildLiteBehavior [ RunTime:0.000000s ]
INFO: [ app_init ] --END-- [ RunTime:0.001000s ]
ERR: 无法加载模块:Public

[ 2018-08-29T22:53:11+08:00 ] 127.0.0.1 /Public/assets/bootstrap/css/jquery.audioplayer.css
INFO: [ app_init ] --START--
INFO: Run Behavior\BuildLiteBehavior [ RunTime:0.000000s ]
INFO: [ app_init ] --END-- [ RunTime:0.002000s ]
ERR: 无法加载模块:Public

[ 2018-08-29T22:53:11+08:00 ] 127.0.0.1 /Public/assets/bootstrap/fonts/fontawesome-webfont.woff2?v=4.7.0
INFO: [ app_init ] --START--
INFO: Run Behavior\BuildLiteBehavior [ RunTime:0.000000s ]
INFO: [ app_init ] --END-- [ RunTime:0.001000s ]
ERR: 无法加载模块:Public

[ 2018-08-29T22:53:13+08:00 ] 127.0.0.1 /Public/assets/bootstrap/images/sort_desc.png
INFO: [ app_init ] --START--
INFO: Run Behavior\BuildLiteBehavior [ RunTime:0.000000s ]
INFO: [ app_init ] --END-- [ RunTime:0.001000s ]
ERR: 无法加载模块:Public

[ 2018-08-29T22:53:13+08:00 ] 127.0.0.1 /Public/assets/bootstrap/images/sort_both.png
INFO: [ app_init ] --START--
INFO: Run Behavior\BuildLiteBehavior [ RunTime:0.000000s ]
INFO: [ app_init ] --END-- [ RunTime:0.002000s ]
ERR: 无法加载模块:Public

[ 2018-08-29T23:07:18+08:00 ] 127.0.0.1 /Public/assets/bootstrap/css/jquery.audioplayer.css
INFO: [ app_init ] --START--
INFO: Run Behavior\BuildLiteBehavior [ RunTime:0.000000s ]
INFO: [ app_init ] --END-- [ RunTime:0.002000s ]
ERR: 无法加载模块:Public

[ 2018-08-29T23:07:18+08:00 ] 127.0.0.1 /Public/assets/bootstrap/fonts/fontawesome-webfont.woff2?v=4.7.0
INFO: [ app_init ] --START--
INFO: Run Behavior\BuildLiteBehavior [ RunTime:0.000000s ]
INFO: [ app_init ] --END-- [ RunTime:0.001000s ]
ERR: 无法加载模块:Public

[ 2018-08-29T23:07:18+08:00 ] 127.0.0.1 /Public/assets/bootstrap/images/sort_both.png
INFO: [ app_init ] --START--
INFO: Run Behavior\BuildLiteBehavior [ RunTime:0.000000s ]
INFO: [ app_init ] --END-- [ RunTime:0.002000s ]
ERR: 无法加载模块:Public

[ 2018-08-29T23:07:19+08:00 ] 127.0.0.1 /Public/assets/bootstrap/images/sort_desc.png
INFO: [ app_init ] --START--
INFO: Run Behavior\BuildLiteBehavior [ RunTime:0.000000s ]
INFO: [ app_init ] --END-- [ RunTime:0.001000s ]
ERR: 无法加载模块:Public

[ 2018-08-29T23:07:40+08:00 ] 127.0.0.1 /Public/assets/bootstrap/css/jquery.audioplayer.css
INFO: [ app_init ] --START--
INFO: Run Behavior\BuildLiteBehavior [ RunTime:0.000000s ]
INFO: [ app_init ] --END-- [ RunTime:0.001000s ]
ERR: 无法加载模块:Public

[ 2018-08-29T23:09:31+08:00 ] 127.0.0.1 /Public/assets/bootstrap/css/jquery.audioplayer.css
INFO: [ app_init ] --START--
INFO: Run Behavior\BuildLiteBehavior [ RunTime:0.000000s ]
INFO: [ app_init ] --END-- [ RunTime:0.001000s ]
ERR: 无法加载模块:Public

[ 2018-08-29T23:09:31+08:00 ] 127.0.0.1 /Public/assets/bootstrap/fonts/fontawesome-webfont.woff2?v=4.7.0
INFO: [ app_init ] --START--
INFO: Run Behavior\BuildLiteBehavior [ RunTime:0.000000s ]
INFO: [ app_init ] --END-- [ RunTime:0.002001s ]
ERR: 无法加载模块:Public

[ 2018-08-29T23:09:32+08:00 ] 127.0.0.1 /Public/assets/bootstrap/images/sort_both.png
INFO: [ app_init ] --START--
INFO: Run Behavior\BuildLiteBehavior [ RunTime:0.000000s ]
INFO: [ app_init ] --END-- [ RunTime:0.004000s ]
ERR: 无法加载模块:Public

[ 2018-08-29T23:09:33+08:00 ] 127.0.0.1 /Public/assets/bootstrap/images/sort_desc.png
INFO: [ app_init ] --START--
INFO: Run Behavior\BuildLiteBehavior [ RunTime:0.000000s ]
INFO: [ app_init ] --END-- [ RunTime:0.001000s ]
ERR: 无法加载模块:Public

[ 2018-08-29T23:09:55+08:00 ] 127.0.0.1 /Public/assets/bootstrap/css/jquery.audioplayer.css
INFO: [ app_init ] --START--
INFO: Run Behavior\BuildLiteBehavior [ RunTime:0.000000s ]
INFO: [ app_init ] --END-- [ RunTime:0.002000s ]
ERR: 无法加载模块:Public

[ 2018-08-29T23:10:45+08:00 ] 127.0.0.1 /Public/assets/bootstrap/css/jquery.audioplayer.css
INFO: [ app_init ] --START--
INFO: Run Behavior\BuildLiteBehavior [ RunTime:0.000000s ]
INFO: [ app_init ] --END-- [ RunTime:0.001000s ]
ERR: 无法加载模块:Public

[ 2018-08-29T23:10:45+08:00 ] 127.0.0.1 /Public/assets/bootstrap/fonts/fontawesome-webfont.woff2?v=4.7.0
INFO: [ app_init ] --START--
INFO: Run Behavior\BuildLiteBehavior [ RunTime:0.000000s ]
INFO: [ app_init ] --END-- [ RunTime:0.001001s ]
ERR: 无法加载模块:Public

[ 2018-08-29T23:10:45+08:00 ] 127.0.0.1 /Public/assets/bootstrap/images/sort_both.png
INFO: [ app_init ] --START--
INFO: Run Behavior\BuildLiteBehavior [ RunTime:0.000000s ]
INFO: [ app_init ] --END-- [ RunTime:0.001000s ]
ERR: 无法加载模块:Public

[ 2018-08-29T23:10:46+08:00 ] 127.0.0.1 /Public/assets/bootstrap/images/sort_desc.png
INFO: [ app_init ] --START--
INFO: Run Behavior\BuildLiteBehavior [ RunTime:0.000000s ]
INFO: [ app_init ] --END-- [ RunTime:0.002000s ]
ERR: 无法加载模块:Public

[ 2018-08-29T23:11:28+08:00 ] 127.0.0.1 /Public/images/addRemark.gif
INFO: [ app_init ] --START--
INFO: Run Behavior\BuildLiteBehavior [ RunTime:0.000000s ]
INFO: [ app_init ] --END-- [ RunTime:0.001000s ]
ERR: 无法加载模块:Public

[ 2018-08-29T23:11:28+08:00 ] 127.0.0.1 /Public/images/lock0.jpg
INFO: [ app_init ] --START--
INFO: Run Behavior\BuildLiteBehavior [ RunTime:0.000000s ]
INFO: [ app_init ] --END-- [ RunTime:0.002000s ]
ERR: 无法加载模块:Public

[ 2018-08-29T23:11:29+08:00 ] 127.0.0.1 /Public/images/Remark.gif
INFO: [ app_init ] --START--
INFO: Run Behavior\BuildLiteBehavior [ RunTime:0.000000s ]
INFO: [ app_init ] --END-- [ RunTime:0.004000s ]
ERR: 无法加载模块:Public

[ 2018-08-29T23:11:30+08:00 ] 127.0.0.1 /Public/images/lock0.jpg
INFO: [ app_init ] --START--
INFO: Run Behavior\BuildLiteBehavior [ RunTime:0.000000s ]
INFO: [ app_init ] --END-- [ RunTime:0.003000s ]
ERR: 无法加载模块:Public

[ 2018-08-29T23:11:31+08:00 ] 127.0.0.1 /Public/images/addRemark.gif
INFO: [ app_init ] --START--
INFO: Run Behavior\BuildLiteBehavior [ RunTime:0.000000s ]
INFO: [ app_init ] --END-- [ RunTime:0.006000s ]
ERR: 无法加载模块:Public

[ 2018-08-29T23:11:31+08:00 ] 127.0.0.1 /Public/images/Remark.gif
INFO: [ app_init ] --START--
INFO: Run Behavior\BuildLiteBehavior [ RunTime:0.000000s ]
INFO: [ app_init ] --END-- [ RunTime:0.002000s ]
ERR: 无法加载模块:Public

[ 2018-08-29T23:14:01+08:00 ] 127.0.0.1 /Public/assets/images/Remark.gif
INFO: [ app_init ] --START--
INFO: Run Behavior\BuildLiteBehavior [ RunTime:0.000000s ]
INFO: [ app_init ] --END-- [ RunTime:0.006001s ]
ERR: 无法加载模块:Public

[ 2018-08-29T23:14:02+08:00 ] 127.0.0.1 /Public/assets/images/addRemark.gif
INFO: [ app_init ] --START--
INFO: Run Behavior\BuildLiteBehavior [ RunTime:0.000000s ]
INFO: [ app_init ] --END-- [ RunTime:0.002001s ]
ERR: 无法加载模块:Public

[ 2018-08-29T23:14:03+08:00 ] 127.0.0.1 /Public/assets/images/addRemark.gif
INFO: [ app_init ] --START--
INFO: Run Behavior\BuildLiteBehavior [ RunTime:0.000000s ]
INFO: [ app_init ] --END-- [ RunTime:0.002000s ]
ERR: 无法加载模块:Public

[ 2018-08-29T23:14:03+08:00 ] 127.0.0.1 /Public/assets/images/Remark.gif
INFO: [ app_init ] --START--
INFO: Run Behavior\BuildLiteBehavior [ RunTime:0.000000s ]
INFO: [ app_init ] --END-- [ RunTime:0.001000s ]
ERR: 无法加载模块:Public

[ 2018-08-29T23:31:31+08:00 ] 127.0.0.1 /Public/assets/bootstrap/css/jquery.audioplayer.css
INFO: [ app_init ] --START--
INFO: Run Behavior\BuildLiteBehavior [ RunTime:0.000000s ]
INFO: [ app_init ] --END-- [ RunTime:0.001000s ]
ERR: 无法加载模块:Public

[ 2018-08-29T23:31:31+08:00 ] 127.0.0.1 /Public/assets/bootstrap/fonts/fontawesome-webfont.woff2?v=4.7.0
INFO: [ app_init ] --START--
INFO: Run Behavior\BuildLiteBehavior [ RunTime:0.000000s ]
INFO: [ app_init ] --END-- [ RunTime:0.002001s ]
ERR: 无法加载模块:Public

[ 2018-08-29T23:31:33+08:00 ] 127.0.0.1 /Public/assets/bootstrap/images/sort_desc.png
INFO: [ app_init ] --START--
INFO: Run Behavior\BuildLiteBehavior [ RunTime:0.001000s ]
INFO: [ app_init ] --END-- [ RunTime:0.003000s ]
ERR: 无法加载模块:Public

[ 2018-08-29T23:31:33+08:00 ] 127.0.0.1 /Public/assets/bootstrap/images/sort_both.png
INFO: [ app_init ] --START--
INFO: Run Behavior\BuildLiteBehavior [ RunTime:0.000000s ]
INFO: [ app_init ] --END-- [ RunTime:0.001000s ]
ERR: 无法加载模块:Public

[ 2018-08-29T23:31:48+08:00 ] 127.0.0.1 /Public/assets/bootstrap/css/jquery.audioplayer.css
INFO: [ app_init ] --START--
INFO: Run Behavior\BuildLiteBehavior [ RunTime:0.001000s ]
INFO: [ app_init ] --END-- [ RunTime:0.002000s ]
ERR: 无法加载模块:Public

[ 2018-08-29T23:33:37+08:00 ] 127.0.0.1 /Public/assets/bootstrap/css/jquery.audioplayer.css
INFO: [ app_init ] --START--
INFO: Run Behavior\BuildLiteBehavior [ RunTime:0.000000s ]
INFO: [ app_init ] --END-- [ RunTime:0.005001s ]
ERR: 无法加载模块:Public

[ 2018-08-29T23:33:37+08:00 ] 127.0.0.1 /Public/assets/bootstrap/fonts/fontawesome-webfont.woff2?v=4.7.0
INFO: [ app_init ] --START--
INFO: Run Behavior\BuildLiteBehavior [ RunTime:0.000000s ]
INFO: [ app_init ] --END-- [ RunTime:0.001000s ]
ERR: 无法加载模块:Public

[ 2018-08-29T23:33:37+08:00 ] 127.0.0.1 /Public/assets/bootstrap/images/sort_both.png
INFO: [ app_init ] --START--
INFO: Run Behavior\BuildLiteBehavior [ RunTime:0.000000s ]
INFO: [ app_init ] --END-- [ RunTime:0.001000s ]
ERR: 无法加载模块:Public

[ 2018-08-29T23:33:38+08:00 ] 127.0.0.1 /Public/assets/bootstrap/images/sort_desc.png
INFO: [ app_init ] --START--
INFO: Run Behavior\BuildLiteBehavior [ RunTime:0.000000s ]
INFO: [ app_init ] --END-- [ RunTime:0.001000s ]
ERR: 无法加载模块:Public

[ 2018-08-29T23:36:05+08:00 ] 127.0.0.1 /Public/assets/bootstrap/css/jquery.audioplayer.css
INFO: [ app_init ] --START--
INFO: Run Behavior\BuildLiteBehavior [ RunTime:0.000000s ]
INFO: [ app_init ] --END-- [ RunTime:0.003000s ]
ERR: 无法加载模块:Public

[ 2018-08-29T23:36:05+08:00 ] 127.0.0.1 /Public/assets/bootstrap/fonts/fontawesome-webfont.woff2?v=4.7.0
INFO: [ app_init ] --START--
INFO: Run Behavior\BuildLiteBehavior [ RunTime:0.000000s ]
INFO: [ app_init ] --END-- [ RunTime:0.001000s ]
ERR: 无法加载模块:Public

[ 2018-08-29T23:36:05+08:00 ] 127.0.0.1 /Public/assets/bootstrap/images/sort_both.png
INFO: [ app_init ] --START--
INFO: Run Behavior\BuildLiteBehavior [ RunTime:0.000000s ]
INFO: [ app_init ] --END-- [ RunTime:0.001000s ]
ERR: 无法加载模块:Public

[ 2018-08-29T23:36:06+08:00 ] 127.0.0.1 /Public/assets/bootstrap/images/sort_desc.png
INFO: [ app_init ] --START--
INFO: Run Behavior\BuildLiteBehavior [ RunTime:0.000000s ]
INFO: [ app_init ] --END-- [ RunTime:0.001000s ]
ERR: 无法加载模块:Public

