[ 2018-08-24T00:02:46+08:00 ] 127.0.0.1 /Public/assets/bootstrap/fonts/fontawesome-webfont.woff2?v=4.7.0
INFO: [ app_init ] --START--
INFO: Run Behavior\BuildLiteBehavior [ RunTime:0.000000s ]
INFO: [ app_init ] --END-- [ RunTime:0.002000s ]
ERR: 无法加载模块:Public

[ 2018-08-24T00:02:57+08:00 ] 127.0.0.1 /Public/assets/bootstrap/fonts/fontawesome-webfont.woff2?v=4.7.0
INFO: [ app_init ] --START--
INFO: Run Behavior\BuildLiteBehavior [ RunTime:0.000000s ]
INFO: [ app_init ] --END-- [ RunTime:0.001000s ]
ERR: 无法加载模块:Public

[ 2018-08-24T00:03:09+08:00 ] 127.0.0.1 /Public/assets/bootstrap/fonts/fontawesome-webfont.woff2?v=4.7.0
INFO: [ app_init ] --START--
INFO: Run Behavior\BuildLiteBehavior [ RunTime:0.000000s ]
INFO: [ app_init ] --END-- [ RunTime:0.001000s ]
ERR: 无法加载模块:Public

[ 2018-08-24T00:03:33+08:00 ] 127.0.0.1 /Public/assets/bootstrap/fonts/fontawesome-webfont.woff2?v=4.7.0
INFO: [ app_init ] --START--
INFO: Run Behavior\BuildLiteBehavior [ RunTime:0.000000s ]
INFO: [ app_init ] --END-- [ RunTime:0.002000s ]
ERR: 无法加载模块:Public

[ 2018-08-24T00:04:22+08:00 ] 127.0.0.1 /Public/assets/bootstrap/fonts/fontawesome-webfont.woff2?v=4.7.0
INFO: [ app_init ] --START--
INFO: Run Behavior\BuildLiteBehavior [ RunTime:0.000000s ]
INFO: [ app_init ] --END-- [ RunTime:0.003000s ]
ERR: 无法加载模块:Public

[ 2018-08-24T00:04:30+08:00 ] 127.0.0.1 /Public/assets/bootstrap/fonts/fontawesome-webfont.woff2?v=4.7.0
INFO: [ app_init ] --START--
INFO: Run Behavior\BuildLiteBehavior [ RunTime:0.000000s ]
INFO: [ app_init ] --END-- [ RunTime:0.003000s ]
ERR: 无法加载模块:Public

[ 2018-08-24T00:04:35+08:00 ] 127.0.0.1 /Public/assets/bootstrap/fonts/fontawesome-webfont.woff2?v=4.7.0
INFO: [ app_init ] --START--
INFO: Run Behavior\BuildLiteBehavior [ RunTime:0.000000s ]
INFO: [ app_init ] --END-- [ RunTime:0.002000s ]
ERR: 无法加载模块:Public

[ 2018-08-24T00:05:12+08:00 ] 127.0.0.1 /Public/assets/bootstrap/fonts/fontawesome-webfont.woff2?v=4.7.0
INFO: [ app_init ] --START--
INFO: Run Behavior\BuildLiteBehavior [ RunTime:0.001000s ]
INFO: [ app_init ] --END-- [ RunTime:0.002000s ]
ERR: 无法加载模块:Public

[ 2018-08-24T00:06:00+08:00 ] 127.0.0.1 /Public/assets/bootstrap/fonts/fontawesome-webfont.woff2?v=4.7.0
INFO: [ app_init ] --START--
INFO: Run Behavior\BuildLiteBehavior [ RunTime:0.000000s ]
INFO: [ app_init ] --END-- [ RunTime:0.002000s ]
ERR: 无法加载模块:Public

[ 2018-08-24T00:06:06+08:00 ] 127.0.0.1 /Public/assets/bootstrap/fonts/fontawesome-webfont.woff2?v=4.7.0
INFO: [ app_init ] --START--
INFO: Run Behavior\BuildLiteBehavior [ RunTime:0.000000s ]
INFO: [ app_init ] --END-- [ RunTime:0.002000s ]
ERR: 无法加载模块:Public

[ 2018-08-24T00:06:09+08:00 ] 127.0.0.1 /Public/assets/bootstrap/fonts/fontawesome-webfont.woff2?v=4.7.0
INFO: [ app_init ] --START--
INFO: Run Behavior\BuildLiteBehavior [ RunTime:0.000000s ]
INFO: [ app_init ] --END-- [ RunTime:0.003000s ]
ERR: 无法加载模块:Public

[ 2018-08-24T00:06:13+08:00 ] 127.0.0.1 /Public/assets/bootstrap/fonts/fontawesome-webfont.woff2?v=4.7.0
INFO: [ app_init ] --START--
INFO: Run Behavior\BuildLiteBehavior [ RunTime:0.000000s ]
INFO: [ app_init ] --END-- [ RunTime:0.002000s ]
ERR: 无法加载模块:Public

[ 2018-08-24T00:12:36+08:00 ] 127.0.0.1 /Public/assets/bootstrap/fonts/fontawesome-webfont.woff2?v=4.7.0
INFO: [ app_init ] --START--
INFO: Run Behavior\BuildLiteBehavior [ RunTime:0.000000s ]
INFO: [ app_init ] --END-- [ RunTime:0.001001s ]
ERR: 无法加载模块:Public

[ 2018-08-24T00:12:57+08:00 ] 127.0.0.1 /Public/assets/bootstrap/css/jquery.audioplayer.css
INFO: [ app_init ] --START--
INFO: Run Behavior\BuildLiteBehavior [ RunTime:0.000000s ]
INFO: [ app_init ] --END-- [ RunTime:0.001000s ]
ERR: 无法加载模块:Public

[ 2018-08-24T00:12:57+08:00 ] 127.0.0.1 /Public/assets/bootstrap/fonts/fontawesome-webfont.woff2?v=4.7.0
INFO: [ app_init ] --START--
INFO: Run Behavior\BuildLiteBehavior [ RunTime:0.000000s ]
INFO: [ app_init ] --END-- [ RunTime:0.001000s ]
ERR: 无法加载模块:Public

[ 2018-08-24T00:12:57+08:00 ] 127.0.0.1 /Public/assets/bootstrap/images/sort_both.png
INFO: [ app_init ] --START--
INFO: Run Behavior\BuildLiteBehavior [ RunTime:0.000000s ]
INFO: [ app_init ] --END-- [ RunTime:0.002000s ]
ERR: 无法加载模块:Public

[ 2018-08-24T00:12:58+08:00 ] 127.0.0.1 /Public/assets/bootstrap/images/sort_desc.png
INFO: [ app_init ] --START--
INFO: Run Behavior\BuildLiteBehavior [ RunTime:0.000000s ]
INFO: [ app_init ] --END-- [ RunTime:0.001000s ]
ERR: 无法加载模块:Public

[ 2018-08-24T00:13:14+08:00 ] 127.0.0.1 /Public/assets/bootstrap/css/jquery.audioplayer.css
INFO: [ app_init ] --START--
INFO: Run Behavior\BuildLiteBehavior [ RunTime:0.000000s ]
INFO: [ app_init ] --END-- [ RunTime:0.001000s ]
ERR: 无法加载模块:Public

[ 2018-08-24T00:13:14+08:00 ] 127.0.0.1 /Public/assets/bootstrap/fonts/fontawesome-webfont.woff2?v=4.7.0
INFO: [ app_init ] --START--
INFO: Run Behavior\BuildLiteBehavior [ RunTime:0.000000s ]
INFO: [ app_init ] --END-- [ RunTime:0.001001s ]
ERR: 无法加载模块:Public

[ 2018-08-24T00:13:14+08:00 ] 127.0.0.1 /Public/assets/bootstrap/images/sort_both.png
INFO: [ app_init ] --START--
INFO: Run Behavior\BuildLiteBehavior [ RunTime:0.000000s ]
INFO: [ app_init ] --END-- [ RunTime:0.001000s ]
ERR: 无法加载模块:Public

[ 2018-08-24T00:13:15+08:00 ] 127.0.0.1 /Public/assets/bootstrap/images/sort_desc.png
INFO: [ app_init ] --START--
INFO: Run Behavior\BuildLiteBehavior [ RunTime:0.000000s ]
INFO: [ app_init ] --END-- [ RunTime:0.001000s ]
ERR: 无法加载模块:Public

[ 2018-08-24T00:13:38+08:00 ] 127.0.0.1 /Public/assets/bootstrap/css/jquery.audioplayer.css
INFO: [ app_init ] --START--
INFO: Run Behavior\BuildLiteBehavior [ RunTime:0.000000s ]
INFO: [ app_init ] --END-- [ RunTime:0.002000s ]
ERR: 无法加载模块:Public

[ 2018-08-24T00:13:38+08:00 ] 127.0.0.1 /Public/assets/bootstrap/fonts/fontawesome-webfont.woff2?v=4.7.0
INFO: [ app_init ] --START--
INFO: Run Behavior\BuildLiteBehavior [ RunTime:0.000000s ]
INFO: [ app_init ] --END-- [ RunTime:0.001001s ]
ERR: 无法加载模块:Public

[ 2018-08-24T00:13:39+08:00 ] 127.0.0.1 /Public/assets/bootstrap/images/sort_both.png
INFO: [ app_init ] --START--
INFO: Run Behavior\BuildLiteBehavior [ RunTime:0.000000s ]
INFO: [ app_init ] --END-- [ RunTime:0.001000s ]
ERR: 无法加载模块:Public

[ 2018-08-24T00:13:40+08:00 ] 127.0.0.1 /Public/assets/bootstrap/images/sort_desc.png
INFO: [ app_init ] --START--
INFO: Run Behavior\BuildLiteBehavior [ RunTime:0.000000s ]
INFO: [ app_init ] --END-- [ RunTime:0.001000s ]
ERR: 无法加载模块:Public

[ 2018-08-24T00:13:48+08:00 ] 127.0.0.1 /Public/assets/bootstrap/fonts/fontawesome-webfont.woff2?v=4.7.0
INFO: [ app_init ] --START--
INFO: Run Behavior\BuildLiteBehavior [ RunTime:0.000000s ]
INFO: [ app_init ] --END-- [ RunTime:0.001000s ]
ERR: 无法加载模块:Public

[ 2018-08-24T00:13:48+08:00 ] 127.0.0.1 /Public/assets/bootstrap/images/sort_both.png
INFO: [ app_init ] --START--
INFO: Run Behavior\BuildLiteBehavior [ RunTime:0.000000s ]
INFO: [ app_init ] --END-- [ RunTime:0.002000s ]
ERR: 无法加载模块:Public

[ 2018-08-24T00:13:49+08:00 ] 127.0.0.1 /Public/assets/bootstrap/images/sort_desc.png
INFO: [ app_init ] --START--
INFO: Run Behavior\BuildLiteBehavior [ RunTime:0.000000s ]
INFO: [ app_init ] --END-- [ RunTime:0.001000s ]
ERR: 无法加载模块:Public

[ 2018-08-24T00:13:52+08:00 ] 127.0.0.1 /Public/assets/bootstrap/fonts/fontawesome-webfont.woff2?v=4.7.0
INFO: [ app_init ] --START--
INFO: Run Behavior\BuildLiteBehavior [ RunTime:0.000000s ]
INFO: [ app_init ] --END-- [ RunTime:0.002000s ]
ERR: 无法加载模块:Public

[ 2018-08-24T00:13:52+08:00 ] 127.0.0.1 /Public/assets/bootstrap/images/sort_both.png
INFO: [ app_init ] --START--
INFO: Run Behavior\BuildLiteBehavior [ RunTime:0.000000s ]
INFO: [ app_init ] --END-- [ RunTime:0.002000s ]
ERR: 无法加载模块:Public

[ 2018-08-24T00:13:53+08:00 ] 127.0.0.1 /Public/assets/bootstrap/images/sort_desc.png
INFO: [ app_init ] --START--
INFO: Run Behavior\BuildLiteBehavior [ RunTime:0.000000s ]
INFO: [ app_init ] --END-- [ RunTime:0.001000s ]
ERR: 无法加载模块:Public

[ 2018-08-24T00:13:56+08:00 ] 127.0.0.1 /Public/assets/bootstrap/fonts/fontawesome-webfont.woff2?v=4.7.0
INFO: [ app_init ] --START--
INFO: Run Behavior\BuildLiteBehavior [ RunTime:0.000000s ]
INFO: [ app_init ] --END-- [ RunTime:0.004000s ]
ERR: 无法加载模块:Public

[ 2018-08-24T00:13:56+08:00 ] 127.0.0.1 /Public/assets/bootstrap/images/sort_both.png
INFO: [ app_init ] --START--
INFO: Run Behavior\BuildLiteBehavior [ RunTime:0.000000s ]
INFO: [ app_init ] --END-- [ RunTime:0.002000s ]
ERR: 无法加载模块:Public

[ 2018-08-24T00:13:57+08:00 ] 127.0.0.1 /Public/assets/bootstrap/images/sort_desc.png
INFO: [ app_init ] --START--
INFO: Run Behavior\BuildLiteBehavior [ RunTime:0.000000s ]
INFO: [ app_init ] --END-- [ RunTime:0.002000s ]
ERR: 无法加载模块:Public

[ 2018-08-24T00:14:05+08:00 ] 127.0.0.1 /Public/assets/bootstrap/fonts/fontawesome-webfont.woff2?v=4.7.0
INFO: [ app_init ] --START--
INFO: Run Behavior\BuildLiteBehavior [ RunTime:0.000000s ]
INFO: [ app_init ] --END-- [ RunTime:0.001000s ]
ERR: 无法加载模块:Public

[ 2018-08-24T00:14:14+08:00 ] 127.0.0.1 /Public/assets/bootstrap/fonts/fontawesome-webfont.woff2?v=4.7.0
INFO: [ app_init ] --START--
INFO: Run Behavior\BuildLiteBehavior [ RunTime:0.000000s ]
INFO: [ app_init ] --END-- [ RunTime:0.001000s ]
ERR: 无法加载模块:Public

[ 2018-08-24T00:14:19+08:00 ] 127.0.0.1 /Public/assets/bootstrap/fonts/fontawesome-webfont.woff2?v=4.7.0
INFO: [ app_init ] --START--
INFO: Run Behavior\BuildLiteBehavior [ RunTime:0.000000s ]
INFO: [ app_init ] --END-- [ RunTime:0.001000s ]
ERR: 无法加载模块:Public

[ 2018-08-24T00:14:24+08:00 ] 127.0.0.1 /Public/assets/bootstrap/fonts/fontawesome-webfont.woff2?v=4.7.0
INFO: [ app_init ] --START--
INFO: Run Behavior\BuildLiteBehavior [ RunTime:0.000000s ]
INFO: [ app_init ] --END-- [ RunTime:0.001000s ]
ERR: 无法加载模块:Public

[ 2018-08-24T00:14:29+08:00 ] 127.0.0.1 /Public/assets/bootstrap/fonts/fontawesome-webfont.woff2?v=4.7.0
INFO: [ app_init ] --START--
INFO: Run Behavior\BuildLiteBehavior [ RunTime:0.000000s ]
INFO: [ app_init ] --END-- [ RunTime:0.001000s ]
ERR: 无法加载模块:Public

[ 2018-08-24T00:14:32+08:00 ] 127.0.0.1 /Public/assets/bootstrap/fonts/fontawesome-webfont.woff2?v=4.7.0
INFO: [ app_init ] --START--
INFO: Run Behavior\BuildLiteBehavior [ RunTime:0.000000s ]
INFO: [ app_init ] --END-- [ RunTime:0.001000s ]
ERR: 无法加载模块:Public

[ 2018-08-24T00:16:25+08:00 ] 127.0.0.1 /Public/assets/bootstrap/fonts/fontawesome-webfont.woff2?v=4.7.0
INFO: [ app_init ] --START--
INFO: Run Behavior\BuildLiteBehavior [ RunTime:0.000000s ]
INFO: [ app_init ] --END-- [ RunTime:0.002000s ]
ERR: 无法加载模块:Public

[ 2018-08-24T00:16:43+08:00 ] 127.0.0.1 /Public/assets/bootstrap/fonts/fontawesome-webfont.woff2?v=4.7.0
INFO: [ app_init ] --START--
INFO: Run Behavior\BuildLiteBehavior [ RunTime:0.000000s ]
INFO: [ app_init ] --END-- [ RunTime:0.001000s ]
ERR: 无法加载模块:Public

[ 2018-08-24T00:17:00+08:00 ] 127.0.0.1 /Public/assets/bootstrap/fonts/fontawesome-webfont.woff2?v=4.7.0
INFO: [ app_init ] --START--
INFO: Run Behavior\BuildLiteBehavior [ RunTime:0.000000s ]
INFO: [ app_init ] --END-- [ RunTime:0.002000s ]
ERR: 无法加载模块:Public

[ 2018-08-24T00:17:05+08:00 ] 127.0.0.1 /Public/assets/bootstrap/fonts/fontawesome-webfont.woff2?v=4.7.0
INFO: [ app_init ] --START--
INFO: Run Behavior\BuildLiteBehavior [ RunTime:0.000000s ]
INFO: [ app_init ] --END-- [ RunTime:0.001000s ]
ERR: 无法加载模块:Public

[ 2018-08-24T00:17:13+08:00 ] 127.0.0.1 /Public/assets/bootstrap/fonts/fontawesome-webfont.woff2?v=4.7.0
INFO: [ app_init ] --START--
INFO: Run Behavior\BuildLiteBehavior [ RunTime:0.000000s ]
INFO: [ app_init ] --END-- [ RunTime:0.002000s ]
ERR: 无法加载模块:Public

[ 2018-08-24T00:17:13+08:00 ] 127.0.0.1 /Public/assets/bootstrap/images/sort_both.png
INFO: [ app_init ] --START--
INFO: Run Behavior\BuildLiteBehavior [ RunTime:0.000000s ]
INFO: [ app_init ] --END-- [ RunTime:0.002001s ]
ERR: 无法加载模块:Public

[ 2018-08-24T00:17:14+08:00 ] 127.0.0.1 /Public/assets/bootstrap/images/sort_desc.png
INFO: [ app_init ] --START--
INFO: Run Behavior\BuildLiteBehavior [ RunTime:0.000000s ]
INFO: [ app_init ] --END-- [ RunTime:0.001000s ]
ERR: 无法加载模块:Public

[ 2018-08-24T00:20:01+08:00 ] 127.0.0.1 /Public/assets/bootstrap/css/jquery.audioplayer.css
INFO: [ app_init ] --START--
INFO: Run Behavior\BuildLiteBehavior [ RunTime:0.000000s ]
INFO: [ app_init ] --END-- [ RunTime:0.002000s ]
ERR: 无法加载模块:Public

[ 2018-08-24T00:20:02+08:00 ] 127.0.0.1 /Public/assets/bootstrap/fonts/fontawesome-webfont.woff2?v=4.7.0
INFO: [ app_init ] --START--
INFO: Run Behavior\BuildLiteBehavior [ RunTime:0.000000s ]
INFO: [ app_init ] --END-- [ RunTime:0.001000s ]
ERR: 无法加载模块:Public

[ 2018-08-24T00:20:02+08:00 ] 127.0.0.1 /Public/assets/bootstrap/images/sort_both.png
INFO: [ app_init ] --START--
INFO: Run Behavior\BuildLiteBehavior [ RunTime:0.000000s ]
INFO: [ app_init ] --END-- [ RunTime:0.001000s ]
ERR: 无法加载模块:Public

[ 2018-08-24T00:20:03+08:00 ] 127.0.0.1 /Public/assets/bootstrap/images/sort_desc.png
INFO: [ app_init ] --START--
INFO: Run Behavior\BuildLiteBehavior [ RunTime:0.000000s ]
INFO: [ app_init ] --END-- [ RunTime:0.001000s ]
ERR: 无法加载模块:Public

[ 2018-08-24T00:47:47+08:00 ] 127.0.0.1 /Public/assets/bootstrap/css/jquery.audioplayer.css
INFO: [ app_init ] --START--
INFO: Run Behavior\BuildLiteBehavior [ RunTime:0.000000s ]
INFO: [ app_init ] --END-- [ RunTime:0.001000s ]
ERR: 无法加载模块:Public

[ 2018-08-24T00:47:47+08:00 ] 127.0.0.1 /Public/assets/bootstrap/fonts/fontawesome-webfont.woff2?v=4.7.0
INFO: [ app_init ] --START--
INFO: Run Behavior\BuildLiteBehavior [ RunTime:0.000000s ]
INFO: [ app_init ] --END-- [ RunTime:0.001001s ]
ERR: 无法加载模块:Public

[ 2018-08-24T00:47:47+08:00 ] 127.0.0.1 /Public/assets/bootstrap/images/sort_both.png
INFO: [ app_init ] --START--
INFO: Run Behavior\BuildLiteBehavior [ RunTime:0.000000s ]
INFO: [ app_init ] --END-- [ RunTime:0.002000s ]
ERR: 无法加载模块:Public

[ 2018-08-24T00:47:48+08:00 ] 127.0.0.1 /Public/assets/bootstrap/images/sort_desc.png
INFO: [ app_init ] --START--
INFO: Run Behavior\BuildLiteBehavior [ RunTime:0.000000s ]
INFO: [ app_init ] --END-- [ RunTime:0.001000s ]
ERR: 无法加载模块:Public

[ 2018-08-24T00:52:11+08:00 ] 127.0.0.1 /Public/assets/bootstrap/css/jquery.audioplayer.css
INFO: [ app_init ] --START--
INFO: Run Behavior\BuildLiteBehavior [ RunTime:0.000000s ]
INFO: [ app_init ] --END-- [ RunTime:0.002000s ]
ERR: 无法加载模块:Public

[ 2018-08-24T00:52:12+08:00 ] 127.0.0.1 /Public/assets/bootstrap/fonts/fontawesome-webfont.woff2?v=4.7.0
INFO: [ app_init ] --START--
INFO: Run Behavior\BuildLiteBehavior [ RunTime:0.001000s ]
INFO: [ app_init ] --END-- [ RunTime:0.002000s ]
ERR: 无法加载模块:Public

[ 2018-08-24T00:52:12+08:00 ] 127.0.0.1 /Public/assets/bootstrap/images/sort_both.png
INFO: [ app_init ] --START--
INFO: Run Behavior\BuildLiteBehavior [ RunTime:0.000000s ]
INFO: [ app_init ] --END-- [ RunTime:0.001000s ]
ERR: 无法加载模块:Public

[ 2018-08-24T00:52:13+08:00 ] 127.0.0.1 /Public/assets/bootstrap/images/sort_desc.png
INFO: [ app_init ] --START--
INFO: Run Behavior\BuildLiteBehavior [ RunTime:0.000000s ]
INFO: [ app_init ] --END-- [ RunTime:0.001000s ]
ERR: 无法加载模块:Public

